[00:00:23] [Server thread/INFO]: <Ducky1527> ptmr
[00:00:27] [Server thread/INFO]: <Ducky1527> version de mrd
[00:00:39] [Server thread/INFO]: <Zabitar_YTYT> ven pa mi casa mejor vv
[00:00:47] [Server thread/INFO]: <Ducky1527> ya voy miamor
[00:00:53] [Server thread/INFO]: <KillerPCausa> Y yo?
[00:00:59] [Server thread/INFO]: <Ducky1527> sigues en rose?
[00:01:00] [Server thread/INFO]: <KillerPCausa> No invitan malditas kkas
[00:01:04] [Server thread/INFO]: <Zabitar_YTYT> si quires p
[00:02:30] [Server thread/INFO]: Ducky1527 has made the advancement [Not Today, Thank You]
[00:02:45] [Server thread/INFO]: <KillerPCausa> Pero ustedes van a ir a entrenar?
[00:02:54] [Server thread/INFO]: <Zabitar_YTYT> si creo
[00:02:56] [Server thread/INFO]: <Ducky1527> si psss
[00:02:58] [Server thread/INFO]: <Zabitar_YTYT> si
[00:02:59] [Server thread/INFO]: <Ducky1527> fisico
[00:03:02] [Server thread/INFO]: <Zabitar_YTYT> si
[00:04:25] [Server thread/INFO]: Zabitar_YTYT lost connection: Disconnected
[00:04:25] [Server thread/INFO]: Zabitar_YTYT left the game
[00:04:28] [Server thread/INFO]: Ducky1527 has made the advancement [Diamonds!]
[00:04:37] [Server thread/INFO]: Zabitar_YTYT[/127.158.43.128:55449] logged in with entity id 22716 at (152.85633215362336, 69.0, -228.8951184897434)
[00:04:37] [Server thread/INFO]: Zabitar_YTYT joined the game
[00:04:59] [Server thread/INFO]: <Zabitar_YTYT> oe rafa vienes p
[00:05:03] [Server thread/INFO]: <Ducky1527> aja
[00:05:10] [Server thread/INFO]: <Zabitar_YTYT> yo voy a cambiarme el pene
[00:05:17] [Server thread/INFO]: <Ducky1527> ya vro
[00:05:19] [Server thread/INFO]: Zabitar_YTYT lost connection: Disconnected
[00:05:19] [Server thread/INFO]: Zabitar_YTYT left the game
[00:05:24] [Server thread/INFO]: <Ducky1527> oe negro tas?
[00:06:17] [Server thread/INFO]: Ducky1527 has made the advancement [Cover Me with Diamonds]
[00:07:09] [Server thread/INFO]: <KillerPCausa> Amor
[00:07:13] [Server thread/INFO]: <Ducky1527> ea
[00:07:22] [Server thread/INFO]: <KillerPCausa> Me respondió
[00:07:29] [Server thread/INFO]: <Ducky1527> q dijo
[00:07:33] [Server thread/INFO]: <KillerPCausa> Despues de 4 horas creo
[00:07:35] [Server thread/INFO]: <KillerPCausa> Kgona p
[00:07:50] [Server thread/INFO]: <KillerPCausa> Yo le dije "Flavia, tenemos que hablar"
[00:07:59] [Server thread/INFO]: <KillerPCausa> Y me puso "Qué pasó?"
[00:08:00] [Server thread/INFO]: <Ducky1527> muy serio wbn
[00:09:54] [Server thread/INFO]: <KillerPCausa> Es que vro
[00:10:05] [Server thread/INFO]: <KillerPCausa> Yo no le iba a hablar lindo y ella toda seria
[00:10:14] [Server thread/INFO]: Ducky1527 drowned
[00:10:17] [Server thread/INFO]: <KillerPCausa> Me respondió super seria
[00:10:18] [Server thread/INFO]: <Ducky1527> ptmre
[00:10:19] [Server thread/INFO]: <KillerPCausa> XDDDDDDDDDDD
[00:10:22] [Server thread/INFO]: <Ducky1527> JAJAJ
[00:10:23] [Server thread/INFO]: <KillerPCausa> Que envecel
[00:10:25] [Server thread/INFO]: <Ducky1527> WBN
